Arguments: 
  /home/mrinc/.nvm/versions/node/v16.8.0/bin/node /usr/share/yarn/bin/yarn.js install

PATH: 
  /home/mrinc/.nvm/versions/node/v16.8.0/bin:/usr/local/sbin:/usr/local/bin:/usr/sbin:/usr/bin:/sbin:/bin:/usr/games:/usr/local/games:/snap/bin

Yarn version: 
  1.22.17

Node version: 
  16.8.0

Platform: 
  linux x64

Trace: 
  Error: Client network socket disconnected before secure TLS connection was established
      at connResetException (node:internal/errors:691:14)
      at TLSSocket.onConnectEnd (node:_tls_wrap:1585:19)
      at TLSSocket.emit (node:events:406:35)
      at endReadableNT (node:internal/streams/readable:1343:12)
      at processTicksAndRejections (node:internal/process/task_queues:83:21)

npm manifest: 
  {
    "name": "my-react-app",
    "version": "0.1.0",
    "private": true,
    "dependencies": {
      "@testing-library/jest-dom": "^5.16.1",
      "@testing-library/react": "^11.2.7",
      "@testing-library/user-event": "^12.8.3",
      "bootstrap": "^5.1.3",
      "calendar-base": "^1.1.1",
      "classnames": "^2.3.1",
      "material-icons-react": "^1.0.4",
      "react": "^17.0.2",
      "react-bootstrap": "^2.0.3",
      "react-dom": "^17.0.2",
      "react-scripts": "4.0.3",
      "web-vitals": "^1.1.2"
    },
    "scripts": {
      "start": "react-scripts start",
      "build": "react-scripts build",
      "test": "react-scripts test",
      "eject": "react-scripts eject"
    },
    "eslintConfig": {
      "extends": [
        "react-app",
        "react-app/jest"
      ]
    },
    "browserslist": {
      "production": [
        ">0.2%",
        "not dead",
        "not op_mini all"
      ],
      "development": [
        "last 1 chrome version",
        "last 1 firefox version",
        "last 1 safari version"
      ]
    }
  }

yarn manifest: 
  No manifest

Lockfile: 
  No lockfile
